(c) Copyright IBM Corporation 1993,2007
Command Line Processor for DB2 Client 11.5.4.0

You can issue database manager commands and SQL statements from the command 
prompt. For example:
    db2 => connect to sample
    db2 => bind sample.bnd

For general help, type: ?.
For command help, type: ? command, where command can be
the first few keywords of a database manager command. For example:
 ? CATALOG DATABASE for help on the CATALOG DATABASE command
 ? CATALOG          for help on all of the CATALOG commands.

To exit db2 interactive mode, type QUIT at the command prompt. Outside 
interactive mode, all commands must be prefixed with 'db2'.
To list the current command option settings, type LIST COMMAND OPTIONS.

For more detailed help, refer to the Online Reference Manual.

db2 => db2 => db2 => db2 => db2 => CONNECT TO cs421

   Database Connection Information

 Database server        = DB2/LINUXX8664 11.5.4.0
 SQL authorization ID   = SJOENG
 Local database alias   = CS421


db2 => db2 => db2 => db2 => db2 => db2 => db2 => db2 => db2 (cont.) => db2 (cont.) => db2 (cont.) => db2 (cont.) => db2 (cont.) => db2 (cont.) => db2 (cont.) => db2 (cont.) => db2 (cont.) => db2 (cont.) => db2 (cont.) => db2 (cont.) => CREATE TABLE PEOPLE ( name VARCHAR(30) NOT NULL, gender CHAR(1) NOT NULL, phone VARCHAR(20) NOT NULL, dob DATE NOT NULL, city VARCHAR(10) NOT NULL, postalcode VARCHAR(6) NOT NULL, streetaddress VARCHAR(30) NOT NULL, priority INTEGER NOT NULL, hinsurnum VARCHAR(12) NOT NULL, PRIMARY KEY(hinsurnum) )
DB20000I  The SQL command completed successfully.

db2 => db2 => db2 (cont.) => db2 (cont.) => db2 (cont.) => db2 (cont.) => db2 (cont.) => CREATE TABLE REGISTRATIONS ( rid VARCHAR(20) NOT NULL, dateReg DATE NOT NULL, PRIMARY KEY(rid) )
DB20000I  The SQL command completed successfully.

db2 => db2 => db2 (cont.) => db2 (cont.) => db2 (cont.) => db2 (cont.) => db2 (cont.) => db2 (cont.) => db2 (cont.) => CREATE TABLE APPOINTMENTS ( rid VARCHAR(20) NOT NULL, hinsurnum VARCHAR(12) NOT NULL, PRIMARY KEY(rid, hinsurnum), FOREIGN KEY(rid) references REGISTRATIONS(rid), FOREIGN KEY(hinsurnum) references PEOPLE(hinsurnum) )
DB20000I  The SQL command completed successfully.

db2 => db2 => db2 (cont.) => db2 (cont.) => db2 (cont.) => db2 (cont.) => db2 (cont.) => db2 (cont.) => db2 (cont.) => db2 (cont.) => CREATE TABLE LOCATIONS ( lname VARCHAR(30) NOT NULL, npeople INTEGER, laddress VARCHAR(30) NOT NULL, lpostalcode VARCHAR(6) NOT NULL, ldate DATE, PRIMARY KEY(lname) )
DB20000I  The SQL command completed successfully.

db2 => db2 => db2 (cont.) => db2 (cont.) => db2 (cont.) => db2 (cont.) => db2 (cont.) => db2 (cont.) => db2 (cont.) => db2 (cont.) => CREATE TABLE SLOTS ( lname VARCHAR(30) NOT NULL, vtime TIME NOT NULL, vslot INTEGER NOT NULL, amount INTEGER, PRIMARY KEY(lname, vtime, vslot), FOREIGN KEY(lname) REFERENCES LOCATIONS(lname) )
DB20000I  The SQL command completed successfully.

db2 => db2 => db2 (cont.) => db2 (cont.) => db2 (cont.) => db2 (cont.) => db2 (cont.) => db2 (cont.) => db2 (cont.) => CREATE TABLE HOSPITALS ( hname VARCHAR(30) NOT NULL, hstreetaddress VARCHAR(30) NOT NULL, hcity VARCHAR(10) NOT NULL, hpostalcode VARCHAR(6) NOT NULL, PRIMARY KEY(hname) )
DB20000I  The SQL command completed successfully.

db2 => db2 => db2 (cont.) => db2 (cont.) => db2 (cont.) => db2 (cont.) => db2 (cont.) => db2 (cont.) => db2 (cont.) => CREATE TABLE NURSES ( licensenum VARCHAR(12) NOT NULL, nursename VARCHAR(30) NOT NULL, hname VARCHAR(30) NOT NULL, PRIMARY KEY(licensenum), FOREIGN KEY(hname) REFERENCES HOSPITALS(hname) )
DB20000I  The SQL command completed successfully.

db2 => db2 => db2 (cont.) => db2 (cont.) => db2 (cont.) => db2 (cont.) => db2 (cont.) => db2 (cont.) => db2 (cont.) => CREATE TABLE WORKS ( lname VARCHAR(30) NOT NULL, licensenum VARCHAR(12) NOT NULL, PRIMARY KEY(lname, licensenum), FOREIGN KEY(lname) REFERENCES LOCATIONS(lname), FOREIGN KEY(licensenum) REFERENCES NURSES(licensenum) )
DB20000I  The SQL command completed successfully.

db2 => db2 => db2 (cont.) => db2 (cont.) => db2 (cont.) => db2 (cont.) => db2 (cont.) => db2 (cont.) => db2 (cont.) => db2 (cont.) => db2 (cont.) => CREATE TABLE ADMINS ( lname VARCHAR(30) NOT NULL, vtime TIME NOT NULL, vslot INTEGER NOT NULL, licensenum VARCHAR(12) NOT NULL, PRIMARY KEY(lname, vtime, vslot), FOREIGN KEY(lname, vtime, vslot) REFERENCES SLOTS(lname, vtime, vslot), FOREIGN KEY(licensenum) REFERENCES NURSES(licensenum) )
DB20000I  The SQL command completed successfully.

db2 => db2 => db2 => db2 (cont.) => db2 (cont.) => db2 (cont.) => db2 (cont.) => db2 (cont.) => db2 (cont.) => CREATE TABLE VACCINES ( vname VARCHAR(30) NOT NULL, period INTEGER, numdoses INTEGER NOT NULL, PRIMARY KEY(vname) )
DB20000I  The SQL command completed successfully.

db2 => db2 => db2 => db2 (cont.) => db2 (cont.) => db2 (cont.) => db2 (cont.) => db2 (cont.) => db2 (cont.) => db2 (cont.) => db2 (cont.) => db2 (cont.) => db2 (cont.) => CREATE TABLE SHOTS ( vialnum VARCHAR(8) NOT NULL, lname VARCHAR(30) NOT NULL, hinsurnum VARCHAR(12) NOT NULL, vname VARCHAR(30) NOT NULL, PRIMARY KEY(vialnum, lname), FOREIGN KEY(lname) REFERENCES LOCATIONS(lname), FOREIGN KEY(hinsurnum) REFERENCES PEOPLE(hinsurnum), FOREIGN KEY(vname) REFERENCES VACCINES(vname) )
DB20000I  The SQL command completed successfully.

db2 => db2 => db2 (cont.) => db2 (cont.) => db2 (cont.) => db2 (cont.) => db2 (cont.) => db2 (cont.) => db2 (cont.) => db2 (cont.) => db2 (cont.) => db2 (cont.) => db2 (cont.) => CREATE TABLE SHIPPINGS ( sid VARCHAR(20) NOT NULL, expirydate DATE NOT NULL, bnumber INTEGER NOT NULL, mdate DATE NOT NULL, vname VARCHAR(30) NOT NULL, lname VARCHAR(30) NOT NULL, PRIMARY KEY(sid), FOREIGN KEY(vname) REFERENCES VACCINES(vname), FOREIGN KEY(lname) REFERENCES LOCATIONS(lname) )
DB20000I  The SQL command completed successfully.

db2 => 